[debug] [2024-08-12T08:42:26.595Z] ----------------------------------------------------------------------
[debug] [2024-08-12T08:42:26.835Z] Command:       C:\Program Files\nodejs\node.exe C:\Users\MAKAITSO SEGOE\AppData\Roaming\npm\node_modules\firebase-tools\lib\bin\firebase.js emulators:start
[debug] [2024-08-12T08:42:26.837Z] CLI Version:   13.15.1
[debug] [2024-08-12T08:42:26.839Z] Platform:      win32
[debug] [2024-08-12T08:42:26.839Z] Node Version:  v20.15.1
[debug] [2024-08-12T08:42:26.840Z] Time:          Mon Aug 12 2024 10:42:26 GMT+0200 (South Africa Standard Time)
[debug] [2024-08-12T08:42:26.841Z] ----------------------------------------------------------------------
[debug] 
[debug] [2024-08-12T08:42:27.617Z] > command requires scopes: ["email","openid","https://www.googleapis.com/auth/cloudplatformprojects.readonly","https://www.googleapis.com/auth/firebase","https://www.googleapis.com/auth/cloud-platform"]
[debug] [2024-08-12T08:42:27.620Z] > authorizing via signed-in user (ref.devsa@gmail.com)
[info] i  emulators: Starting emulators: functions {"metadata":{"emulator":{"name":"hub"},"message":"Starting emulators: functions"}}
[debug] [2024-08-12T08:42:27.849Z] [logging] Logging Emulator only supports listening on one address (127.0.0.1). Not listening on ::1
[debug] [2024-08-12T08:42:27.850Z] assigned listening specs for emulators {"user":{"hub":[{"address":"127.0.0.1","family":"IPv4","port":4400},{"address":"::1","family":"IPv6","port":4400}],"ui":[{"address":"127.0.0.1","family":"IPv4","port":4000},{"address":"::1","family":"IPv6","port":4000}],"logging":[{"address":"127.0.0.1","family":"IPv4","port":4500}]},"metadata":{"message":"assigned listening specs for emulators"}}
[warn] !  emulators: It seems that you are running multiple instances of the emulator suite for project zaio--clone-8bea8. This may result in unexpected behavior. 
[debug] [2024-08-12T08:42:28.508Z] [hub] writing locator at C:\Users\MAKAIT~1\AppData\Local\Temp\hub-zaio--clone-8bea8.json
[debug] [2024-08-12T08:42:29.218Z] [functions] Functions Emulator only supports listening on one address (127.0.0.1). Not listening on ::1
[debug] [2024-08-12T08:42:29.220Z] [eventarc] Eventarc Emulator only supports listening on one address (127.0.0.1). Not listening on ::1
[debug] [2024-08-12T08:42:29.222Z] late-assigned ports for functions and eventarc emulators {"user":{"hub":[{"address":"127.0.0.1","family":"IPv4","port":4400},{"address":"::1","family":"IPv6","port":4400}],"ui":[{"address":"127.0.0.1","family":"IPv4","port":4000},{"address":"::1","family":"IPv6","port":4000}],"logging":[{"address":"127.0.0.1","family":"IPv4","port":4500}],"functions":[{"address":"127.0.0.1","family":"IPv4","port":5001}],"eventarc":[{"address":"127.0.0.1","family":"IPv4","port":9299}]},"metadata":{"message":"late-assigned ports for functions and eventarc emulators"}}
[warn] !  functions: The following emulators are not running, calls to these services from the Functions emulator will affect production: auth, firestore, database, hosting, pubsub, storage, dataconnect {"metadata":{"emulator":{"name":"functions"},"message":"The following emulators are not running, calls to these services from the Functions emulator will affect production: \u001b[1mauth, firestore, database, hosting, pubsub, storage, dataconnect\u001b[22m"}}
[debug] [2024-08-12T08:42:29.255Z] defaultcredentials: writing to file C:\Users\MAKAITSO SEGOE\AppData\Roaming\firebase\ref_devsa_gmail.com_application_default_credentials.json
[debug] [2024-08-12T08:42:29.597Z] Setting GAC to C:\Users\MAKAITSO SEGOE\AppData\Roaming\firebase\ref_devsa_gmail.com_application_default_credentials.json {"metadata":{"emulator":{"name":"functions"},"message":"Setting GAC to C:\\Users\\MAKAITSO SEGOE\\AppData\\Roaming\\firebase\\ref_devsa_gmail.com_application_default_credentials.json"}}
[debug] [2024-08-12T08:42:29.622Z] > refreshing access token with scopes: []
[debug] [2024-08-12T08:42:29.634Z] >>> [apiv2][query] POST https://www.googleapis.com/oauth2/v3/token [none]
[debug] [2024-08-12T08:42:29.635Z] >>> [apiv2][body] POST https://www.googleapis.com/oauth2/v3/token [omitted]
[debug] [2024-08-12T08:42:32.442Z] <<< [apiv2][status] POST https://www.googleapis.com/oauth2/v3/token 200
[debug] [2024-08-12T08:42:32.442Z] <<< [apiv2][body] POST https://www.googleapis.com/oauth2/v3/token [omitted]
[debug] [2024-08-12T08:42:32.571Z] >>> [apiv2][query] GET https://firebase.googleapis.com/v1beta1/projects/zaio--clone-8bea8/adminSdkConfig [none]
[debug] [2024-08-12T08:42:33.323Z] <<< [apiv2][status] GET https://firebase.googleapis.com/v1beta1/projects/zaio--clone-8bea8/adminSdkConfig 200
[debug] [2024-08-12T08:42:33.324Z] <<< [apiv2][body] GET https://firebase.googleapis.com/v1beta1/projects/zaio--clone-8bea8/adminSdkConfig {"projectId":"zaio--clone-8bea8","storageBucket":"zaio--clone-8bea8.appspot.com"}
[debug] [2024-08-12T08:42:33.716Z] Ignoring unsupported arg: auto_download {"metadata":{"emulator":{"name":"ui"},"message":"Ignoring unsupported arg: auto_download"}}
[debug] [2024-08-12T08:42:33.717Z] Ignoring unsupported arg: port {"metadata":{"emulator":{"name":"ui"},"message":"Ignoring unsupported arg: port"}}
[debug] [2024-08-12T08:42:33.717Z] Starting Emulator UI with command {"binary":"node","args":["C:\\Users\\MAKAITSO SEGOE\\.cache\\firebase\\emulators\\ui-v1.13.0\\server\\server.mjs"],"optionalArgs":[],"joinArgs":false,"shell":false} {"metadata":{"emulator":{"name":"ui"},"message":"Starting Emulator UI with command {\"binary\":\"node\",\"args\":[\"C:\\\\Users\\\\MAKAITSO SEGOE\\\\.cache\\\\firebase\\\\emulators\\\\ui-v1.13.0\\\\server\\\\server.mjs\"],\"optionalArgs\":[],\"joinArgs\":false,\"shell\":false}"}}
[info] i  ui: Emulator UI logging to ui-debug.log {"metadata":{"emulator":{"name":"ui"},"message":"Emulator UI logging to \u001b[1mui-debug.log\u001b[22m"}}
[debug] [2024-08-12T08:42:36.782Z] Web / API server started at 127.0.0.1:4000
 {"metadata":{"emulator":{"name":"ui"},"message":"Web / API server started at 127.0.0.1:4000\n"}}
[debug] [2024-08-12T08:42:36.783Z] Web / API server started at ::1:4000
 {"metadata":{"emulator":{"name":"ui"},"message":"Web / API server started at ::1:4000\n"}}
[info] i  functions: Watching "C:\Users\MAKAITSO SEGOE\Desktop\amazon-clone\functions" for Cloud Functions... {"metadata":{"emulator":{"name":"functions"},"message":"Watching \"C:\\Users\\MAKAITSO SEGOE\\Desktop\\amazon-clone\\functions\" for Cloud Functions..."}}
[debug] [2024-08-12T08:42:37.162Z] Validating nodejs source
[debug] [2024-08-12T08:42:48.379Z] checkFunctionsSDKVersion was unable to fetch information from NPM Error: spawnSync C:\WINDOWS\system32\cmd.exe ETIMEDOUT
    at Object.spawnSync (node:internal/child_process:1124:20)
    at Object.spawnSync (node:child_process:876:24)
    at Function.spawnSync [as sync] (C:\Users\MAKAITSO SEGOE\AppData\Roaming\npm\node_modules\firebase-tools\node_modules\cross-spawn\index.js:26:23)
    at Object.getLatestSDKVersion (C:\Users\MAKAITSO SEGOE\AppData\Roaming\npm\node_modules\firebase-tools\lib\deploy\functions\runtimes\node\versioning.js:54:25)
    at Object.checkFunctionsSDKVersion (C:\Users\MAKAITSO SEGOE\AppData\Roaming\npm\node_modules\firebase-tools\lib\deploy\functions\runtimes\node\versioning.js:74:32)
    at Delegate.validate (C:\Users\MAKAITSO SEGOE\AppData\Roaming\npm\node_modules\firebase-tools\lib\deploy\functions\runtimes\node\index.js:85:20)
    at FunctionsEmulator.discoverTriggers (C:\Users\MAKAITSO SEGOE\AppData\Roaming\npm\node_modules\firebase-tools\lib\emulator\functionsEmulator.js:303:35)
    at async FunctionsEmulator.loadTriggers (C:\Users\MAKAITSO SEGOE\AppData\Roaming\npm\node_modules\firebase-tools\lib\emulator\functionsEmulator.js:339:34)
    at async FunctionsEmulator.connect (C:\Users\MAKAITSO SEGOE\AppData\Roaming\npm\node_modules\firebase-tools\lib\emulator\functionsEmulator.js:269:13)
    at async Object.startAll (C:\Users\MAKAITSO SEGOE\AppData\Roaming\npm\node_modules\firebase-tools\lib\emulator\controller.js:591:13)
[debug] [2024-08-12T08:42:48.381Z] > [functions] package.json contents: {
  "name": "functions",
  "description": "Cloud Functions for Firebase",
  "scripts": {
    "lint": "eslint .",
    "serve": "firebase emulators:start --only functions",
    "shell": "firebase functions:shell",
    "start": "npm run shell",
    "deploy": "firebase deploy --only functions",
    "logs": "firebase functions:log"
  },
  "engines": {
    "node": "20"
  },
  "main": "index.js",
  "dependencies": {
    "cors": "^2.8.5",
    "express": "^4.19.2",
    "firebase-admin": "^12.1.0",
    "firebase-functions": "^5.0.0",
    "stripe": "^16.7.0"
  },
  "devDependencies": {
    "eslint": "^8.15.0",
    "eslint-config-google": "^0.14.0",
    "firebase-functions-test": "^3.1.0"
  },
  "private": true
}
[debug] [2024-08-12T08:42:48.382Z] Building nodejs source
[debug] [2024-08-12T08:42:48.383Z] Failed to find version of module node: reached end of search path C:\Users\MAKAITSO SEGOE\Desktop\amazon-clone\functions\node_modules
[info] +  functions: Using node@20 from host. 
[debug] [2024-08-12T08:42:48.411Z] Could not find functions.yaml. Must use http discovery
[debug] [2024-08-12T08:42:48.565Z] Found firebase-functions binary at 'C:\Users\MAKAITSO SEGOE\Desktop\amazon-clone\functions\node_modules\.bin\firebase-functions'
[debug] [2024-08-12T08:42:58.781Z] Failed to call quitquitquit. This often means the server failed to start request to http://localhost:8066/__/quitquitquit failed, reason:  {"message":"request to http://localhost:8066/__/quitquitquit failed, reason: ","type":"system","errno":"ECONNREFUSED","code":"ECONNREFUSED"}
[info] Serving at port 8066

[error] !!  functions: Failed to load function definition from source: FirebaseError: User code failed to load. Cannot determine backend specification {"metadata":{"emulator":{"name":"functions"},"message":"Failed to load function definition from source: FirebaseError: User code failed to load. Cannot determine backend specification"}}
[info] 
┌─────────────────────────────────────────────────────────────┐
│ ✔  All emulators ready! It is now safe to connect your app. │
│ i  View Emulator UI at http://127.0.0.1:4000/               │
└─────────────────────────────────────────────────────────────┘

┌───────────┬────────────────┬─────────────────────────────────┐
│ Emulator  │ Host:Port      │ View in Emulator UI             │
├───────────┼────────────────┼─────────────────────────────────┤
│ Functions │ 127.0.0.1:5001 │ http://127.0.0.1:4000/functions │
└───────────┴────────────────┴─────────────────────────────────┘
  Emulator Hub running at 127.0.0.1:4400
  Other reserved ports: 4500

Issues? Report them at https://github.com/firebase/firebase-tools/issues and attach the *-debug.log files.
 
